[0.112s] Invoking command in '/home/drevo2/rins/dis_tutorial3-main/build/dis_tutorial3': CMAKE_PREFIX_PATH=${CMAKE_PREFIX_PATH}:/home/drevo2/rins/dis_tutorial2-main/install/dis_tutorial2:/home/drevo2/rins/homework2/install/homework_2:/home/drevo2/rins/ena1/install/ena:/home/drevo2/rins/ros2_ws/install/my_robot:/opt/ros/humble /usr/bin/cmake /home/drevo2/rins/dis_tutorial3-main -DCMAKE_INSTALL_PREFIX=/home/drevo2/rins/dis_tutorial3-main/install/dis_tutorial3
[0.245s] -- The C compiler identification is GNU 11.4.0
[0.344s] -- The CXX compiler identification is GNU 11.4.0
[0.354s] -- Detecting C compiler ABI info
[0.422s] -- Detecting C compiler ABI info - done
[0.435s] -- Check for working C compiler: /usr/bin/cc - skipped
[0.435s] -- Detecting C compile features
[0.436s] -- Detecting C compile features - done
[0.442s] -- Detecting CXX compiler ABI info
[0.519s] -- Detecting CXX compiler ABI info - done
[0.525s] -- Check for working CXX compiler: /usr/bin/c++ - skipped
[0.526s] -- Detecting CXX compile features
[0.526s] -- Detecting CXX compile features - done
[0.530s] -- Found ament_cmake: 1.3.8 (/opt/ros/humble/share/ament_cmake/cmake)
[0.667s] -- Found Python3: /usr/bin/python3 (found version "3.10.12") found components: Interpreter 
[0.768s] -- Found rclcpp: 16.0.8 (/opt/ros/humble/share/rclcpp/cmake)
[0.834s] -- Found rosidl_generator_c: 3.1.5 (/opt/ros/humble/share/rosidl_generator_c/cmake)
[0.841s] -- Found rosidl_adapter: 3.1.5 (/opt/ros/humble/share/rosidl_adapter/cmake)
[0.853s] -- Found rosidl_generator_cpp: 3.1.5 (/opt/ros/humble/share/rosidl_generator_cpp/cmake)
[0.870s] -- Using all available rosidl_typesupport_c: rosidl_typesupport_fastrtps_c;rosidl_typesupport_introspection_c
[0.892s] -- Using all available rosidl_typesupport_cpp: rosidl_typesupport_fastrtps_cpp;rosidl_typesupport_introspection_cpp
[0.973s] -- Found rmw_implementation_cmake: 6.1.1 (/opt/ros/humble/share/rmw_implementation_cmake/cmake)
[0.977s] -- Found rmw_fastrtps_cpp: 6.2.6 (/opt/ros/humble/share/rmw_fastrtps_cpp/cmake)
[1.095s] -- Found OpenSSL: /usr/lib/x86_64-linux-gnu/libcrypto.so (found version "3.0.2")  
[1.124s] -- Found FastRTPS: /opt/ros/humble/include  
[1.175s] -- Using RMW implementation 'rmw_fastrtps_cpp' as default
[1.189s] -- Looking for pthread.h
[1.262s] -- Looking for pthread.h - found
[1.262s] -- Performing Test CMAKE_HAVE_LIBC_PTHREAD
[1.326s] -- Performing Test CMAKE_HAVE_LIBC_PTHREAD - Success
[1.328s] -- Found Threads: TRUE  
[1.484s] -- Found rclpy: 3.3.12 (/opt/ros/humble/share/rclpy/cmake)
[1.487s] -- Found std_srvs: 4.2.3 (/opt/ros/humble/share/std_srvs/cmake)
[1.557s] -- Configuring done
[1.561s] -- Generating done
[1.562s] -- Build files have been written to: /home/drevo2/rins/dis_tutorial3-main/build/dis_tutorial3
[1.570s] Invoked command in '/home/drevo2/rins/dis_tutorial3-main/build/dis_tutorial3' returned '0': CMAKE_PREFIX_PATH=${CMAKE_PREFIX_PATH}:/home/drevo2/rins/dis_tutorial2-main/install/dis_tutorial2:/home/drevo2/rins/homework2/install/homework_2:/home/drevo2/rins/ena1/install/ena:/home/drevo2/rins/ros2_ws/install/my_robot:/opt/ros/humble /usr/bin/cmake /home/drevo2/rins/dis_tutorial3-main -DCMAKE_INSTALL_PREFIX=/home/drevo2/rins/dis_tutorial3-main/install/dis_tutorial3
[1.571s] Invoking command in '/home/drevo2/rins/dis_tutorial3-main/build/dis_tutorial3': CMAKE_PREFIX_PATH=${CMAKE_PREFIX_PATH}:/home/drevo2/rins/dis_tutorial2-main/install/dis_tutorial2:/home/drevo2/rins/homework2/install/homework_2:/home/drevo2/rins/ena1/install/ena:/home/drevo2/rins/ros2_ws/install/my_robot:/opt/ros/humble /usr/bin/cmake --build /home/drevo2/rins/dis_tutorial3-main/build/dis_tutorial3 -- -j12 -l12
[1.609s] Invoked command in '/home/drevo2/rins/dis_tutorial3-main/build/dis_tutorial3' returned '0': CMAKE_PREFIX_PATH=${CMAKE_PREFIX_PATH}:/home/drevo2/rins/dis_tutorial2-main/install/dis_tutorial2:/home/drevo2/rins/homework2/install/homework_2:/home/drevo2/rins/ena1/install/ena:/home/drevo2/rins/ros2_ws/install/my_robot:/opt/ros/humble /usr/bin/cmake --build /home/drevo2/rins/dis_tutorial3-main/build/dis_tutorial3 -- -j12 -l12
[1.636s] Invoking command in '/home/drevo2/rins/dis_tutorial3-main/build/dis_tutorial3': CMAKE_PREFIX_PATH=${CMAKE_PREFIX_PATH}:/home/drevo2/rins/dis_tutorial2-main/install/dis_tutorial2:/home/drevo2/rins/homework2/install/homework_2:/home/drevo2/rins/ena1/install/ena:/home/drevo2/rins/ros2_ws/install/my_robot:/opt/ros/humble /usr/bin/cmake --install /home/drevo2/rins/dis_tutorial3-main/build/dis_tutorial3
[1.643s] -- Install configuration: ""
[1.643s] -- Installing: /home/drevo2/rins/dis_tutorial3-main/install/dis_tutorial3/share/dis_tutorial3//launch
[1.643s] -- Installing: /home/drevo2/rins/dis_tutorial3-main/install/dis_tutorial3/share/dis_tutorial3//launch/turtlebot4_spawn_nav.launch.py
[1.643s] -- Installing: /home/drevo2/rins/dis_tutorial3-main/install/dis_tutorial3/share/dis_tutorial3//launch/nav2.launch.py
[1.643s] -- Installing: /home/drevo2/rins/dis_tutorial3-main/install/dis_tutorial3/share/dis_tutorial3//launch/slam.launch.py
[1.643s] -- Installing: /home/drevo2/rins/dis_tutorial3-main/install/dis_tutorial3/share/dis_tutorial3//launch/ignition.launch.py
[1.643s] -- Installing: /home/drevo2/rins/dis_tutorial3-main/install/dis_tutorial3/share/dis_tutorial3//launch/sim_turtlebot_slam.launch.py
[1.644s] -- Installing: /home/drevo2/rins/dis_tutorial3-main/install/dis_tutorial3/share/dis_tutorial3//launch/sim_turtlebot_nav.launch.py
[1.644s] -- Installing: /home/drevo2/rins/dis_tutorial3-main/install/dis_tutorial3/share/dis_tutorial3//launch/turtlebot4_spawn.launch.py
[1.644s] -- Installing: /home/drevo2/rins/dis_tutorial3-main/install/dis_tutorial3/share/dis_tutorial3//launch/dis_sim.launch.py
[1.644s] -- Installing: /home/drevo2/rins/dis_tutorial3-main/install/dis_tutorial3/share/dis_tutorial3//launch/localization.launch.py
[1.644s] -- Installing: /home/drevo2/rins/dis_tutorial3-main/install/dis_tutorial3/share/dis_tutorial3//config
[1.644s] -- Installing: /home/drevo2/rins/dis_tutorial3-main/install/dis_tutorial3/share/dis_tutorial3//config/slam.yaml
[1.644s] -- Installing: /home/drevo2/rins/dis_tutorial3-main/install/dis_tutorial3/share/dis_tutorial3//config/localization.yaml
[1.644s] -- Installing: /home/drevo2/rins/dis_tutorial3-main/install/dis_tutorial3/share/dis_tutorial3//config/nav2.yaml
[1.644s] -- Installing: /home/drevo2/rins/dis_tutorial3-main/install/dis_tutorial3/share/dis_tutorial3//config/laser_filter_chain.yaml
[1.645s] -- Installing: /home/drevo2/rins/dis_tutorial3-main/install/dis_tutorial3/share/dis_tutorial3//worlds
[1.645s] -- Installing: /home/drevo2/rins/dis_tutorial3-main/install/dis_tutorial3/share/dis_tutorial3//worlds/meshes
[1.645s] -- Installing: /home/drevo2/rins/dis_tutorial3-main/install/dis_tutorial3/share/dis_tutorial3//worlds/meshes/person4.jpg
[1.645s] -- Installing: /home/drevo2/rins/dis_tutorial3-main/install/dis_tutorial3/share/dis_tutorial3//worlds/meshes/objects.jpg
[1.645s] -- Installing: /home/drevo2/rins/dis_tutorial3-main/install/dis_tutorial3/share/dis_tutorial3//worlds/meshes/person2.jpg
[1.645s] -- Installing: /home/drevo2/rins/dis_tutorial3-main/install/dis_tutorial3/share/dis_tutorial3//worlds/meshes/person1.jpg
[1.646s] -- Installing: /home/drevo2/rins/dis_tutorial3-main/install/dis_tutorial3/share/dis_tutorial3//worlds/meshes/wood.jpg
[1.646s] -- Installing: /home/drevo2/rins/dis_tutorial3-main/install/dis_tutorial3/share/dis_tutorial3//worlds/meshes/davinci.jpg
[1.646s] -- Installing: /home/drevo2/rins/dis_tutorial3-main/install/dis_tutorial3/share/dis_tutorial3//worlds/meshes/map.dae
[1.647s] -- Installing: /home/drevo2/rins/dis_tutorial3-main/install/dis_tutorial3/share/dis_tutorial3//worlds/meshes/fakering1.jpg
[1.647s] -- Installing: /home/drevo2/rins/dis_tutorial3-main/install/dis_tutorial3/share/dis_tutorial3//worlds/meshes/mona1.jpg
[1.647s] -- Installing: /home/drevo2/rins/dis_tutorial3-main/install/dis_tutorial3/share/dis_tutorial3//worlds/meshes/parking_space.jpg
[1.647s] -- Installing: /home/drevo2/rins/dis_tutorial3-main/install/dis_tutorial3/share/dis_tutorial3//worlds/meshes/qr1.jpg
[1.648s] -- Installing: /home/drevo2/rins/dis_tutorial3-main/install/dis_tutorial3/share/dis_tutorial3//worlds/meshes/qr2.jpg
[1.648s] -- Installing: /home/drevo2/rins/dis_tutorial3-main/install/dis_tutorial3/share/dis_tutorial3//worlds/meshes/fakering2.jpg
[1.648s] -- Installing: /home/drevo2/rins/dis_tutorial3-main/install/dis_tutorial3/share/dis_tutorial3//worlds/meshes/fakering3.jpg
[1.648s] -- Installing: /home/drevo2/rins/dis_tutorial3-main/install/dis_tutorial3/share/dis_tutorial3//worlds/meshes/person5.jpg
[1.648s] -- Installing: /home/drevo2/rins/dis_tutorial3-main/install/dis_tutorial3/share/dis_tutorial3//worlds/meshes/ground.jpg
[1.649s] -- Installing: /home/drevo2/rins/dis_tutorial3-main/install/dis_tutorial3/share/dis_tutorial3//worlds/meshes/map_colliders.dae
[1.649s] -- Installing: /home/drevo2/rins/dis_tutorial3-main/install/dis_tutorial3/share/dis_tutorial3//worlds/meshes/person3.jpg
[1.649s] -- Installing: /home/drevo2/rins/dis_tutorial3-main/install/dis_tutorial3/share/dis_tutorial3//worlds/meshes/cylinders.jpg
[1.649s] -- Installing: /home/drevo2/rins/dis_tutorial3-main/install/dis_tutorial3/share/dis_tutorial3//worlds/dis.sdf
[1.649s] -- Installing: /home/drevo2/rins/dis_tutorial3-main/install/dis_tutorial3/share/dis_tutorial3//maps
[1.650s] -- Installing: /home/drevo2/rins/dis_tutorial3-main/install/dis_tutorial3/share/dis_tutorial3//maps/map.yaml
[1.650s] -- Installing: /home/drevo2/rins/dis_tutorial3-main/install/dis_tutorial3/share/dis_tutorial3//maps/map.pgm
[1.650s] -- Installing: /home/drevo2/rins/dis_tutorial3-main/install/dis_tutorial3/lib/dis_tutorial3/detect_people.py
[1.650s] -- Installing: /home/drevo2/rins/dis_tutorial3-main/install/dis_tutorial3/lib/dis_tutorial3/robot_commander.py
[1.650s] -- Installing: /home/drevo2/rins/dis_tutorial3-main/install/dis_tutorial3/share/ament_index/resource_index/package_run_dependencies/dis_tutorial3
[1.650s] -- Installing: /home/drevo2/rins/dis_tutorial3-main/install/dis_tutorial3/share/ament_index/resource_index/parent_prefix_path/dis_tutorial3
[1.651s] -- Installing: /home/drevo2/rins/dis_tutorial3-main/install/dis_tutorial3/share/dis_tutorial3/environment/ament_prefix_path.sh
[1.651s] -- Installing: /home/drevo2/rins/dis_tutorial3-main/install/dis_tutorial3/share/dis_tutorial3/environment/ament_prefix_path.dsv
[1.651s] -- Installing: /home/drevo2/rins/dis_tutorial3-main/install/dis_tutorial3/share/dis_tutorial3/environment/path.sh
[1.651s] -- Installing: /home/drevo2/rins/dis_tutorial3-main/install/dis_tutorial3/share/dis_tutorial3/environment/path.dsv
[1.651s] -- Installing: /home/drevo2/rins/dis_tutorial3-main/install/dis_tutorial3/share/dis_tutorial3/local_setup.bash
[1.651s] -- Installing: /home/drevo2/rins/dis_tutorial3-main/install/dis_tutorial3/share/dis_tutorial3/local_setup.sh
[1.651s] -- Installing: /home/drevo2/rins/dis_tutorial3-main/install/dis_tutorial3/share/dis_tutorial3/local_setup.zsh
[1.652s] -- Installing: /home/drevo2/rins/dis_tutorial3-main/install/dis_tutorial3/share/dis_tutorial3/local_setup.dsv
[1.652s] -- Installing: /home/drevo2/rins/dis_tutorial3-main/install/dis_tutorial3/share/dis_tutorial3/package.dsv
[1.652s] -- Installing: /home/drevo2/rins/dis_tutorial3-main/install/dis_tutorial3/share/ament_index/resource_index/packages/dis_tutorial3
[1.652s] -- Installing: /home/drevo2/rins/dis_tutorial3-main/install/dis_tutorial3/share/dis_tutorial3/cmake/dis_tutorial3Config.cmake
[1.652s] -- Installing: /home/drevo2/rins/dis_tutorial3-main/install/dis_tutorial3/share/dis_tutorial3/cmake/dis_tutorial3Config-version.cmake
[1.653s] -- Installing: /home/drevo2/rins/dis_tutorial3-main/install/dis_tutorial3/share/dis_tutorial3/package.xml
[1.654s] Invoked command in '/home/drevo2/rins/dis_tutorial3-main/build/dis_tutorial3' returned '0': CMAKE_PREFIX_PATH=${CMAKE_PREFIX_PATH}:/home/drevo2/rins/dis_tutorial2-main/install/dis_tutorial2:/home/drevo2/rins/homework2/install/homework_2:/home/drevo2/rins/ena1/install/ena:/home/drevo2/rins/ros2_ws/install/my_robot:/opt/ros/humble /usr/bin/cmake --install /home/drevo2/rins/dis_tutorial3-main/build/dis_tutorial3
