[0.129s] Invoking command in '/home/drevo2/rins/dis_tutorial3-main/build/dis_tutorial3': CMAKE_PREFIX_PATH=${CMAKE_PREFIX_PATH}:/home/drevo2/rins/dis_tutorial2-main/install/dis_tutorial2:/home/drevo2/rins/homework2/install/homework_2:/home/drevo2/rins/ena1/install/ena:/home/drevo2/rins/ros2_ws/install/my_robot:/opt/ros/humble /usr/bin/cmake --build /home/drevo2/rins/dis_tutorial3-main/build/dis_tutorial3 -- -j12 -l12
[0.163s] Invoked command in '/home/drevo2/rins/dis_tutorial3-main/build/dis_tutorial3' returned '0': CMAKE_PREFIX_PATH=${CMAKE_PREFIX_PATH}:/home/drevo2/rins/dis_tutorial2-main/install/dis_tutorial2:/home/drevo2/rins/homework2/install/homework_2:/home/drevo2/rins/ena1/install/ena:/home/drevo2/rins/ros2_ws/install/my_robot:/opt/ros/humble /usr/bin/cmake --build /home/drevo2/rins/dis_tutorial3-main/build/dis_tutorial3 -- -j12 -l12
[0.193s] Invoking command in '/home/drevo2/rins/dis_tutorial3-main/build/dis_tutorial3': CMAKE_PREFIX_PATH=${CMAKE_PREFIX_PATH}:/home/drevo2/rins/dis_tutorial2-main/install/dis_tutorial2:/home/drevo2/rins/homework2/install/homework_2:/home/drevo2/rins/ena1/install/ena:/home/drevo2/rins/ros2_ws/install/my_robot:/opt/ros/humble /usr/bin/cmake --install /home/drevo2/rins/dis_tutorial3-main/build/dis_tutorial3
[0.199s] -- Install configuration: ""
[0.199s] -- Up-to-date: /home/drevo2/rins/dis_tutorial3-main/install/dis_tutorial3/share/dis_tutorial3//launch
[0.199s] -- Up-to-date: /home/drevo2/rins/dis_tutorial3-main/install/dis_tutorial3/share/dis_tutorial3//launch/turtlebot4_spawn_nav.launch.py
[0.200s] -- Up-to-date: /home/drevo2/rins/dis_tutorial3-main/install/dis_tutorial3/share/dis_tutorial3//launch/nav2.launch.py
[0.200s] -- Up-to-date: /home/drevo2/rins/dis_tutorial3-main/install/dis_tutorial3/share/dis_tutorial3//launch/slam.launch.py
[0.200s] -- Up-to-date: /home/drevo2/rins/dis_tutorial3-main/install/dis_tutorial3/share/dis_tutorial3//launch/ignition.launch.py
[0.200s] -- Up-to-date: /home/drevo2/rins/dis_tutorial3-main/install/dis_tutorial3/share/dis_tutorial3//launch/sim_turtlebot_slam.launch.py
[0.200s] -- Up-to-date: /home/drevo2/rins/dis_tutorial3-main/install/dis_tutorial3/share/dis_tutorial3//launch/sim_turtlebot_nav.launch.py
[0.200s] -- Up-to-date: /home/drevo2/rins/dis_tutorial3-main/install/dis_tutorial3/share/dis_tutorial3//launch/turtlebot4_spawn.launch.py
[0.200s] -- Up-to-date: /home/drevo2/rins/dis_tutorial3-main/install/dis_tutorial3/share/dis_tutorial3//launch/dis_sim.launch.py
[0.200s] -- Up-to-date: /home/drevo2/rins/dis_tutorial3-main/install/dis_tutorial3/share/dis_tutorial3//launch/localization.launch.py
[0.200s] -- Up-to-date: /home/drevo2/rins/dis_tutorial3-main/install/dis_tutorial3/share/dis_tutorial3//config
[0.200s] -- Up-to-date: /home/drevo2/rins/dis_tutorial3-main/install/dis_tutorial3/share/dis_tutorial3//config/slam.yaml
[0.201s] -- Up-to-date: /home/drevo2/rins/dis_tutorial3-main/install/dis_tutorial3/share/dis_tutorial3//config/localization.yaml
[0.201s] -- Up-to-date: /home/drevo2/rins/dis_tutorial3-main/install/dis_tutorial3/share/dis_tutorial3//config/nav2.yaml
[0.201s] -- Up-to-date: /home/drevo2/rins/dis_tutorial3-main/install/dis_tutorial3/share/dis_tutorial3//config/laser_filter_chain.yaml
[0.201s] -- Up-to-date: /home/drevo2/rins/dis_tutorial3-main/install/dis_tutorial3/share/dis_tutorial3//worlds
[0.201s] -- Up-to-date: /home/drevo2/rins/dis_tutorial3-main/install/dis_tutorial3/share/dis_tutorial3//worlds/meshes
[0.201s] -- Up-to-date: /home/drevo2/rins/dis_tutorial3-main/install/dis_tutorial3/share/dis_tutorial3//worlds/meshes/person4.jpg
[0.201s] -- Up-to-date: /home/drevo2/rins/dis_tutorial3-main/install/dis_tutorial3/share/dis_tutorial3//worlds/meshes/objects.jpg
[0.201s] -- Up-to-date: /home/drevo2/rins/dis_tutorial3-main/install/dis_tutorial3/share/dis_tutorial3//worlds/meshes/person2.jpg
[0.201s] -- Up-to-date: /home/drevo2/rins/dis_tutorial3-main/install/dis_tutorial3/share/dis_tutorial3//worlds/meshes/person1.jpg
[0.201s] -- Up-to-date: /home/drevo2/rins/dis_tutorial3-main/install/dis_tutorial3/share/dis_tutorial3//worlds/meshes/wood.jpg
[0.201s] -- Up-to-date: /home/drevo2/rins/dis_tutorial3-main/install/dis_tutorial3/share/dis_tutorial3//worlds/meshes/davinci.jpg
[0.201s] -- Up-to-date: /home/drevo2/rins/dis_tutorial3-main/install/dis_tutorial3/share/dis_tutorial3//worlds/meshes/map.dae
[0.201s] -- Up-to-date: /home/drevo2/rins/dis_tutorial3-main/install/dis_tutorial3/share/dis_tutorial3//worlds/meshes/fakering1.jpg
[0.201s] -- Up-to-date: /home/drevo2/rins/dis_tutorial3-main/install/dis_tutorial3/share/dis_tutorial3//worlds/meshes/mona1.jpg
[0.202s] -- Up-to-date: /home/drevo2/rins/dis_tutorial3-main/install/dis_tutorial3/share/dis_tutorial3//worlds/meshes/parking_space.jpg
[0.202s] -- Up-to-date: /home/drevo2/rins/dis_tutorial3-main/install/dis_tutorial3/share/dis_tutorial3//worlds/meshes/qr1.jpg
[0.202s] -- Up-to-date: /home/drevo2/rins/dis_tutorial3-main/install/dis_tutorial3/share/dis_tutorial3//worlds/meshes/qr2.jpg
[0.202s] -- Up-to-date: /home/drevo2/rins/dis_tutorial3-main/install/dis_tutorial3/share/dis_tutorial3//worlds/meshes/fakering2.jpg
[0.202s] -- Up-to-date: /home/drevo2/rins/dis_tutorial3-main/install/dis_tutorial3/share/dis_tutorial3//worlds/meshes/fakering3.jpg
[0.202s] -- Up-to-date: /home/drevo2/rins/dis_tutorial3-main/install/dis_tutorial3/share/dis_tutorial3//worlds/meshes/person5.jpg
[0.202s] -- Up-to-date: /home/drevo2/rins/dis_tutorial3-main/install/dis_tutorial3/share/dis_tutorial3//worlds/meshes/ground.jpg
[0.202s] -- Up-to-date: /home/drevo2/rins/dis_tutorial3-main/install/dis_tutorial3/share/dis_tutorial3//worlds/meshes/map_colliders.dae
[0.202s] -- Up-to-date: /home/drevo2/rins/dis_tutorial3-main/install/dis_tutorial3/share/dis_tutorial3//worlds/meshes/person3.jpg
[0.202s] -- Up-to-date: /home/drevo2/rins/dis_tutorial3-main/install/dis_tutorial3/share/dis_tutorial3//worlds/meshes/cylinders.jpg
[0.202s] -- Up-to-date: /home/drevo2/rins/dis_tutorial3-main/install/dis_tutorial3/share/dis_tutorial3//worlds/dis.sdf
[0.202s] -- Up-to-date: /home/drevo2/rins/dis_tutorial3-main/install/dis_tutorial3/share/dis_tutorial3//maps
[0.202s] -- Up-to-date: /home/drevo2/rins/dis_tutorial3-main/install/dis_tutorial3/share/dis_tutorial3//maps/map.yaml
[0.202s] -- Up-to-date: /home/drevo2/rins/dis_tutorial3-main/install/dis_tutorial3/share/dis_tutorial3//maps/map.pgm
[0.202s] -- Up-to-date: /home/drevo2/rins/dis_tutorial3-main/install/dis_tutorial3/lib/dis_tutorial3/detect_people.py
[0.202s] -- Installing: /home/drevo2/rins/dis_tutorial3-main/install/dis_tutorial3/lib/dis_tutorial3/robot_commander.py
[0.203s] -- Up-to-date: /home/drevo2/rins/dis_tutorial3-main/install/dis_tutorial3/share/ament_index/resource_index/package_run_dependencies/dis_tutorial3
[0.203s] -- Up-to-date: /home/drevo2/rins/dis_tutorial3-main/install/dis_tutorial3/share/ament_index/resource_index/parent_prefix_path/dis_tutorial3
[0.203s] -- Up-to-date: /home/drevo2/rins/dis_tutorial3-main/install/dis_tutorial3/share/dis_tutorial3/environment/ament_prefix_path.sh
[0.203s] -- Up-to-date: /home/drevo2/rins/dis_tutorial3-main/install/dis_tutorial3/share/dis_tutorial3/environment/ament_prefix_path.dsv
[0.203s] -- Up-to-date: /home/drevo2/rins/dis_tutorial3-main/install/dis_tutorial3/share/dis_tutorial3/environment/path.sh
[0.203s] -- Up-to-date: /home/drevo2/rins/dis_tutorial3-main/install/dis_tutorial3/share/dis_tutorial3/environment/path.dsv
[0.203s] -- Up-to-date: /home/drevo2/rins/dis_tutorial3-main/install/dis_tutorial3/share/dis_tutorial3/local_setup.bash
[0.203s] -- Up-to-date: /home/drevo2/rins/dis_tutorial3-main/install/dis_tutorial3/share/dis_tutorial3/local_setup.sh
[0.203s] -- Up-to-date: /home/drevo2/rins/dis_tutorial3-main/install/dis_tutorial3/share/dis_tutorial3/local_setup.zsh
[0.204s] -- Up-to-date: /home/drevo2/rins/dis_tutorial3-main/install/dis_tutorial3/share/dis_tutorial3/local_setup.dsv
[0.204s] -- Installing: /home/drevo2/rins/dis_tutorial3-main/install/dis_tutorial3/share/dis_tutorial3/package.dsv
[0.204s] -- Up-to-date: /home/drevo2/rins/dis_tutorial3-main/install/dis_tutorial3/share/ament_index/resource_index/packages/dis_tutorial3
[0.204s] -- Up-to-date: /home/drevo2/rins/dis_tutorial3-main/install/dis_tutorial3/share/dis_tutorial3/cmake/dis_tutorial3Config.cmake
[0.204s] -- Up-to-date: /home/drevo2/rins/dis_tutorial3-main/install/dis_tutorial3/share/dis_tutorial3/cmake/dis_tutorial3Config-version.cmake
[0.204s] -- Up-to-date: /home/drevo2/rins/dis_tutorial3-main/install/dis_tutorial3/share/dis_tutorial3/package.xml
[0.204s] Invoked command in '/home/drevo2/rins/dis_tutorial3-main/build/dis_tutorial3' returned '0': CMAKE_PREFIX_PATH=${CMAKE_PREFIX_PATH}:/home/drevo2/rins/dis_tutorial2-main/install/dis_tutorial2:/home/drevo2/rins/homework2/install/homework_2:/home/drevo2/rins/ena1/install/ena:/home/drevo2/rins/ros2_ws/install/my_robot:/opt/ros/humble /usr/bin/cmake --install /home/drevo2/rins/dis_tutorial3-main/build/dis_tutorial3
