[1.220s] DEBUG:colcon:Command line arguments: ['/usr/bin/colcon', 'build']
[1.220s] DEBUG:colcon:Parsed command line arguments: Namespace(log_base=None, log_level=None, verb_name='build', build_base='build', install_base='install', merge_install=False, symlink_install=False, test_result_base=None, continue_on_error=False, executor='parallel', parallel_workers=12, event_handlers=None, ignore_user_meta=False, metas=['./colcon.meta'], base_paths=['.'], packages_ignore=None, packages_ignore_regex=None, paths=None, packages_up_to=None, packages_up_to_regex=None, packages_above=None, packages_above_and_dependencies=None, packages_above_depth=None, packages_select_by_dep=None, packages_skip_by_dep=None, packages_skip_up_to=None, packages_select_build_failed=False, packages_skip_build_finished=False, packages_select_test_failures=False, packages_skip_test_passed=False, packages_select=None, packages_skip=None, packages_select_regex=None, packages_skip_regex=None, packages_start=None, packages_end=None, allow_overriding=[], cmake_args=None, cmake_target=None, cmake_target_skip_unavailable=False, cmake_clean_cache=False, cmake_clean_first=False, cmake_force_configure=False, ament_cmake_args=None, catkin_cmake_args=None, catkin_skip_building_tests=False, verb_parser=<colcon_defaults.argument_parser.defaults.DefaultArgumentsDecorator object at 0x73d49a5f0c70>, verb_extension=<colcon_core.verb.build.BuildVerb object at 0x73d49a5f1e40>, main=<bound method BuildVerb.main of <colcon_core.verb.build.BuildVerb object at 0x73d49a5f1e40>>)
[1.272s] Level 1:colcon.colcon_core.package_discovery:discover_packages(colcon_meta) check parameters
[1.272s] Level 1:colcon.colcon_core.package_discovery:discover_packages(recursive) check parameters
[1.272s] Level 1:colcon.colcon_core.package_discovery:discover_packages(ignore) check parameters
[1.272s] Level 1:colcon.colcon_core.package_discovery:discover_packages(path) check parameters
[1.272s] Level 1:colcon.colcon_core.package_discovery:discover_packages(colcon_meta) discover
[1.272s] Level 1:colcon.colcon_core.package_discovery:discover_packages(recursive) discover
[1.272s] INFO:colcon.colcon_core.package_discovery:Crawling recursively for packages in '/home/drevo2/rins/dis_tutorial3-main'
[1.272s] Level 1:colcon.colcon_core.package_identification:_identify(.) by extensions ['ignore', 'ignore_ament_install']
[1.272s] Level 1:colcon.colcon_core.package_identification:_identify(.) by extension 'ignore'
[1.272s] Level 1:colcon.colcon_core.package_identification:_identify(.) by extension 'ignore_ament_install'
[1.273s] Level 1:colcon.colcon_core.package_identification:_identify(.) by extensions ['colcon_pkg']
[1.273s] Level 1:colcon.colcon_core.package_identification:_identify(.) by extension 'colcon_pkg'
[1.273s] Level 1:colcon.colcon_core.package_identification:_identify(.) by extensions ['colcon_meta']
[1.273s] Level 1:colcon.colcon_core.package_identification:_identify(.) by extension 'colcon_meta'
[1.273s] Level 1:colcon.colcon_core.package_identification:_identify(.) by extensions ['ros']
[1.273s] Level 1:colcon.colcon_core.package_identification:_identify(.) by extension 'ros'
[1.286s] DEBUG:colcon.colcon_core.package_identification:Package '.' with type 'ros.ament_cmake' and name 'dis_tutorial3'
[1.286s] Level 1:colcon.colcon_core.package_discovery:discover_packages(recursive) using defaults
[1.286s] Level 1:colcon.colcon_core.package_discovery:discover_packages(ignore) discover
[1.286s] Level 1:colcon.colcon_core.package_discovery:discover_packages(ignore) using defaults
[1.286s] Level 1:colcon.colcon_core.package_discovery:discover_packages(path) discover
[1.286s] Level 1:colcon.colcon_core.package_discovery:discover_packages(path) using defaults
[1.391s] Level 1:colcon.colcon_core.package_discovery:discover_packages(prefix_path) check parameters
[1.391s] Level 1:colcon.colcon_core.package_discovery:discover_packages(prefix_path) discover
[1.428s] DEBUG:colcon.colcon_installed_package_information.package_discovery:Found 2 installed packages in /home/drevo2/rins/homework2/install
[1.460s] DEBUG:colcon.colcon_installed_package_information.package_discovery:Found 1 installed packages in /home/drevo2/rins/dis_tutorial2-main/install
[1.477s] DEBUG:colcon.colcon_installed_package_information.package_discovery:Found 1 installed packages in /home/drevo2/rins/dis_tutorial1-main/install
[1.494s] DEBUG:colcon.colcon_installed_package_information.package_discovery:Found 1 installed packages in /home/drevo2/rins/ena1/install
[1.512s] DEBUG:colcon.colcon_installed_package_information.package_discovery:Found 1 installed packages in /home/drevo2/rins/ros2_ws/install
[1.530s] DEBUG:colcon.colcon_installed_package_information.package_discovery:Found 1 installed packages in /home/drevo2/rins/dis_tutorial3-main/install
[1.550s] DEBUG:colcon.colcon_installed_package_information.package_discovery:Found 381 installed packages in /opt/ros/humble
[1.552s] Level 1:colcon.colcon_core.package_discovery:discover_packages(prefix_path) using defaults
[1.664s] Level 5:colcon.colcon_core.verb:set package 'dis_tutorial3' build argument 'cmake_args' from command line to 'None'
[1.664s] Level 5:colcon.colcon_core.verb:set package 'dis_tutorial3' build argument 'cmake_target' from command line to 'None'
[1.664s] Level 5:colcon.colcon_core.verb:set package 'dis_tutorial3' build argument 'cmake_target_skip_unavailable' from command line to 'False'
[1.664s] Level 5:colcon.colcon_core.verb:set package 'dis_tutorial3' build argument 'cmake_clean_cache' from command line to 'False'
[1.664s] Level 5:colcon.colcon_core.verb:set package 'dis_tutorial3' build argument 'cmake_clean_first' from command line to 'False'
[1.664s] Level 5:colcon.colcon_core.verb:set package 'dis_tutorial3' build argument 'cmake_force_configure' from command line to 'False'
[1.664s] Level 5:colcon.colcon_core.verb:set package 'dis_tutorial3' build argument 'ament_cmake_args' from command line to 'None'
[1.664s] Level 5:colcon.colcon_core.verb:set package 'dis_tutorial3' build argument 'catkin_cmake_args' from command line to 'None'
[1.664s] Level 5:colcon.colcon_core.verb:set package 'dis_tutorial3' build argument 'catkin_skip_building_tests' from command line to 'False'
[1.664s] DEBUG:colcon.colcon_core.verb:Building package 'dis_tutorial3' with the following arguments: {'ament_cmake_args': None, 'build_base': '/home/drevo2/rins/dis_tutorial3-main/build/dis_tutorial3', 'catkin_cmake_args': None, 'catkin_skip_building_tests': False, 'cmake_args': None, 'cmake_clean_cache': False, 'cmake_clean_first': False, 'cmake_force_configure': False, 'cmake_target': None, 'cmake_target_skip_unavailable': False, 'install_base': '/home/drevo2/rins/dis_tutorial3-main/install/dis_tutorial3', 'merge_install': False, 'path': '/home/drevo2/rins/dis_tutorial3-main', 'symlink_install': False, 'test_result_base': None}
[1.681s] INFO:colcon.colcon_core.executor:Executing jobs using 'parallel' executor
[1.699s] DEBUG:colcon.colcon_parallel_executor.executor.parallel:run_until_complete
[1.699s] INFO:colcon.colcon_ros.task.ament_cmake.build:Building ROS package in '/home/drevo2/rins/dis_tutorial3-main' with build type 'ament_cmake'
[1.699s] INFO:colcon.colcon_cmake.task.cmake.build:Building CMake package in '/home/drevo2/rins/dis_tutorial3-main'
[1.718s] INFO:colcon.colcon_core.plugin_system:Skipping extension 'colcon_core.shell.bat': Not used on non-Windows systems
[1.719s] INFO:colcon.colcon_core.shell:Skip shell extension 'powershell' for command environment: Not usable outside of PowerShell
[1.719s] DEBUG:colcon.colcon_core.shell:Skip shell extension 'dsv' for command environment
[1.871s] DEBUG:colcon.colcon_core.event_handler.log_command:Invoking command in '/home/drevo2/rins/dis_tutorial3-main/build/dis_tutorial3': CMAKE_PREFIX_PATH=${CMAKE_PREFIX_PATH}:/home/drevo2/rins/dis_tutorial2-main/install/dis_tutorial2:/home/drevo2/rins/homework2/install/homework_2:/home/drevo2/rins/ena1/install/ena:/home/drevo2/rins/ros2_ws/install/my_robot:/opt/ros/humble /usr/bin/cmake --build /home/drevo2/rins/dis_tutorial3-main/build/dis_tutorial3 -- -j12 -l12
[1.923s] DEBUG:colcon.colcon_core.event_handler.log_command:Invoked command in '/home/drevo2/rins/dis_tutorial3-main/build/dis_tutorial3' returned '0': CMAKE_PREFIX_PATH=${CMAKE_PREFIX_PATH}:/home/drevo2/rins/dis_tutorial2-main/install/dis_tutorial2:/home/drevo2/rins/homework2/install/homework_2:/home/drevo2/rins/ena1/install/ena:/home/drevo2/rins/ros2_ws/install/my_robot:/opt/ros/humble /usr/bin/cmake --build /home/drevo2/rins/dis_tutorial3-main/build/dis_tutorial3 -- -j12 -l12
[1.964s] DEBUG:colcon.colcon_core.event_handler.log_command:Invoking command in '/home/drevo2/rins/dis_tutorial3-main/build/dis_tutorial3': CMAKE_PREFIX_PATH=${CMAKE_PREFIX_PATH}:/home/drevo2/rins/dis_tutorial2-main/install/dis_tutorial2:/home/drevo2/rins/homework2/install/homework_2:/home/drevo2/rins/ena1/install/ena:/home/drevo2/rins/ros2_ws/install/my_robot:/opt/ros/humble /usr/bin/cmake --install /home/drevo2/rins/dis_tutorial3-main/build/dis_tutorial3
[1.979s] Level 1:colcon.colcon_core.environment:create_environment_scripts_only(dis_tutorial3)
[1.980s] DEBUG:colcon.colcon_core.event_handler.log_command:Invoked command in '/home/drevo2/rins/dis_tutorial3-main/build/dis_tutorial3' returned '0': CMAKE_PREFIX_PATH=${CMAKE_PREFIX_PATH}:/home/drevo2/rins/dis_tutorial2-main/install/dis_tutorial2:/home/drevo2/rins/homework2/install/homework_2:/home/drevo2/rins/ena1/install/ena:/home/drevo2/rins/ros2_ws/install/my_robot:/opt/ros/humble /usr/bin/cmake --install /home/drevo2/rins/dis_tutorial3-main/build/dis_tutorial3
[2.000s] Level 1:colcon.colcon_core.environment:checking '/home/drevo2/rins/dis_tutorial3-main/install/dis_tutorial3' for CMake module files
[2.000s] Level 1:colcon.colcon_core.environment:checking '/home/drevo2/rins/dis_tutorial3-main/install/dis_tutorial3' for CMake config files
[2.001s] Level 1:colcon.colcon_core.shell:create_environment_hook('dis_tutorial3', 'cmake_prefix_path')
[2.018s] INFO:colcon.colcon_core.shell:Creating environment hook '/home/drevo2/rins/dis_tutorial3-main/install/dis_tutorial3/share/dis_tutorial3/hook/cmake_prefix_path.ps1'
[2.019s] INFO:colcon.colcon_core.shell:Creating environment descriptor '/home/drevo2/rins/dis_tutorial3-main/install/dis_tutorial3/share/dis_tutorial3/hook/cmake_prefix_path.dsv'
[2.019s] INFO:colcon.colcon_core.shell:Creating environment hook '/home/drevo2/rins/dis_tutorial3-main/install/dis_tutorial3/share/dis_tutorial3/hook/cmake_prefix_path.sh'
[2.020s] Level 1:colcon.colcon_core.environment:checking '/home/drevo2/rins/dis_tutorial3-main/install/dis_tutorial3/lib'
[2.020s] Level 1:colcon.colcon_core.environment:checking '/home/drevo2/rins/dis_tutorial3-main/install/dis_tutorial3/bin'
[2.020s] Level 1:colcon.colcon_core.environment:checking '/home/drevo2/rins/dis_tutorial3-main/install/dis_tutorial3/lib/pkgconfig/dis_tutorial3.pc'
[2.021s] Level 1:colcon.colcon_core.environment:checking '/home/drevo2/rins/dis_tutorial3-main/install/dis_tutorial3/lib/python3.10/site-packages'
[2.021s] Level 1:colcon.colcon_core.environment:checking '/home/drevo2/rins/dis_tutorial3-main/install/dis_tutorial3/bin'
[2.039s] INFO:colcon.colcon_core.shell:Creating package script '/home/drevo2/rins/dis_tutorial3-main/install/dis_tutorial3/share/dis_tutorial3/package.ps1'
[2.040s] INFO:colcon.colcon_core.shell:Creating package descriptor '/home/drevo2/rins/dis_tutorial3-main/install/dis_tutorial3/share/dis_tutorial3/package.dsv'
[2.041s] INFO:colcon.colcon_core.shell:Creating package script '/home/drevo2/rins/dis_tutorial3-main/install/dis_tutorial3/share/dis_tutorial3/package.sh'
[2.041s] INFO:colcon.colcon_core.shell:Creating package script '/home/drevo2/rins/dis_tutorial3-main/install/dis_tutorial3/share/dis_tutorial3/package.bash'
[2.042s] INFO:colcon.colcon_core.shell:Creating package script '/home/drevo2/rins/dis_tutorial3-main/install/dis_tutorial3/share/dis_tutorial3/package.zsh'
[2.043s] Level 1:colcon.colcon_core.environment:create_file_with_runtime_dependencies(/home/drevo2/rins/dis_tutorial3-main/install/dis_tutorial3/share/colcon-core/packages/dis_tutorial3)
[2.088s] Level 1:colcon.colcon_core.environment:create_environment_scripts_only(dis_tutorial3)
[2.105s] Level 1:colcon.colcon_core.environment:checking '/home/drevo2/rins/dis_tutorial3-main/install/dis_tutorial3' for CMake module files
[2.106s] Level 1:colcon.colcon_core.environment:checking '/home/drevo2/rins/dis_tutorial3-main/install/dis_tutorial3' for CMake config files
[2.106s] Level 1:colcon.colcon_core.shell:create_environment_hook('dis_tutorial3', 'cmake_prefix_path')
[2.124s] INFO:colcon.colcon_core.shell:Creating environment hook '/home/drevo2/rins/dis_tutorial3-main/install/dis_tutorial3/share/dis_tutorial3/hook/cmake_prefix_path.ps1'
[2.124s] INFO:colcon.colcon_core.shell:Creating environment descriptor '/home/drevo2/rins/dis_tutorial3-main/install/dis_tutorial3/share/dis_tutorial3/hook/cmake_prefix_path.dsv'
[2.124s] INFO:colcon.colcon_core.shell:Creating environment hook '/home/drevo2/rins/dis_tutorial3-main/install/dis_tutorial3/share/dis_tutorial3/hook/cmake_prefix_path.sh'
[2.125s] Level 1:colcon.colcon_core.environment:checking '/home/drevo2/rins/dis_tutorial3-main/install/dis_tutorial3/lib'
[2.125s] Level 1:colcon.colcon_core.environment:checking '/home/drevo2/rins/dis_tutorial3-main/install/dis_tutorial3/bin'
[2.125s] Level 1:colcon.colcon_core.environment:checking '/home/drevo2/rins/dis_tutorial3-main/install/dis_tutorial3/lib/pkgconfig/dis_tutorial3.pc'
[2.125s] Level 1:colcon.colcon_core.environment:checking '/home/drevo2/rins/dis_tutorial3-main/install/dis_tutorial3/lib/python3.10/site-packages'
[2.126s] Level 1:colcon.colcon_core.environment:checking '/home/drevo2/rins/dis_tutorial3-main/install/dis_tutorial3/bin'
[2.143s] INFO:colcon.colcon_core.shell:Creating package script '/home/drevo2/rins/dis_tutorial3-main/install/dis_tutorial3/share/dis_tutorial3/package.ps1'
[2.143s] INFO:colcon.colcon_core.shell:Creating package descriptor '/home/drevo2/rins/dis_tutorial3-main/install/dis_tutorial3/share/dis_tutorial3/package.dsv'
[2.144s] INFO:colcon.colcon_core.shell:Creating package script '/home/drevo2/rins/dis_tutorial3-main/install/dis_tutorial3/share/dis_tutorial3/package.sh'
[2.144s] INFO:colcon.colcon_core.shell:Creating package script '/home/drevo2/rins/dis_tutorial3-main/install/dis_tutorial3/share/dis_tutorial3/package.bash'
[2.145s] INFO:colcon.colcon_core.shell:Creating package script '/home/drevo2/rins/dis_tutorial3-main/install/dis_tutorial3/share/dis_tutorial3/package.zsh'
[2.145s] Level 1:colcon.colcon_core.environment:create_file_with_runtime_dependencies(/home/drevo2/rins/dis_tutorial3-main/install/dis_tutorial3/share/colcon-core/packages/dis_tutorial3)
[2.145s] DEBUG:colcon.colcon_parallel_executor.executor.parallel:closing loop
[2.146s] DEBUG:colcon.colcon_parallel_executor.executor.parallel:loop closed
[2.146s] DEBUG:colcon.colcon_parallel_executor.executor.parallel:run_until_complete finished with '0'
[2.146s] DEBUG:colcon.colcon_core.event_reactor:joining thread
[2.168s] INFO:colcon.colcon_core.plugin_system:Skipping extension 'colcon_notification.desktop_notification.terminal_notifier': Not used on non-Darwin systems
[2.168s] INFO:colcon.colcon_core.plugin_system:Skipping extension 'colcon_notification.desktop_notification.win32': Not used on non-Windows systems
[2.168s] INFO:colcon.colcon_notification.desktop_notification:Sending desktop notification using 'notify2'
[2.191s] DEBUG:colcon.colcon_core.event_reactor:joined thread
[2.209s] INFO:colcon.colcon_core.shell:Creating prefix script '/home/drevo2/rins/dis_tutorial3-main/install/local_setup.ps1'
[2.210s] INFO:colcon.colcon_core.shell:Creating prefix util module '/home/drevo2/rins/dis_tutorial3-main/install/_local_setup_util_ps1.py'
[2.211s] INFO:colcon.colcon_core.shell:Creating prefix chain script '/home/drevo2/rins/dis_tutorial3-main/install/setup.ps1'
[2.229s] INFO:colcon.colcon_core.shell:Creating prefix script '/home/drevo2/rins/dis_tutorial3-main/install/local_setup.sh'
[2.230s] INFO:colcon.colcon_core.shell:Creating prefix util module '/home/drevo2/rins/dis_tutorial3-main/install/_local_setup_util_sh.py'
[2.231s] INFO:colcon.colcon_core.shell:Creating prefix chain script '/home/drevo2/rins/dis_tutorial3-main/install/setup.sh'
[2.250s] INFO:colcon.colcon_core.shell:Creating prefix script '/home/drevo2/rins/dis_tutorial3-main/install/local_setup.bash'
[2.250s] INFO:colcon.colcon_core.shell:Creating prefix chain script '/home/drevo2/rins/dis_tutorial3-main/install/setup.bash'
[2.269s] INFO:colcon.colcon_core.shell:Creating prefix script '/home/drevo2/rins/dis_tutorial3-main/install/local_setup.zsh'
[2.270s] INFO:colcon.colcon_core.shell:Creating prefix chain script '/home/drevo2/rins/dis_tutorial3-main/install/setup.zsh'
