[0.011s] Invoking command in '/home/drevo2/rins/ris_1/build/dis_tutorial3': CMAKE_PREFIX_PATH=${CMAKE_PREFIX_PATH}:/home/drevo2/rins/dis_tutorial2-main/install/dis_tutorial2:/home/drevo2/rins/homework2/install/homework_2:/home/drevo2/rins/ena1/install/ena:/home/drevo2/rins/ros2_ws/install/my_robot:/opt/ros/humble /usr/bin/cmake /home/drevo2/rins/ris_1 -DCMAKE_INSTALL_PREFIX=/home/drevo2/rins/ris_1/install/dis_tutorial3
[0.062s] -- The C compiler identification is GNU 11.4.0
[0.113s] -- The CXX compiler identification is GNU 11.4.0
[0.121s] -- Detecting C compiler ABI info
[0.185s] -- Detecting C compiler ABI info - done
[0.192s] -- Check for working C compiler: /usr/bin/cc - skipped
[0.192s] -- Detecting C compile features
[0.192s] -- Detecting C compile features - done
[0.195s] -- Detecting CXX compiler ABI info
[0.267s] -- Detecting CXX compiler ABI info - done
[0.274s] -- Check for working CXX compiler: /usr/bin/c++ - skipped
[0.274s] -- Detecting CXX compile features
[0.274s] -- Detecting CXX compile features - done
[0.277s] -- Found ament_cmake: 1.3.8 (/opt/ros/humble/share/ament_cmake/cmake)
[0.419s] -- Found Python3: /usr/bin/python3 (found version "3.10.12") found components: Interpreter 
[0.543s] -- Found rclcpp: 16.0.8 (/opt/ros/humble/share/rclcpp/cmake)
[0.595s] -- Found rosidl_generator_c: 3.1.5 (/opt/ros/humble/share/rosidl_generator_c/cmake)
[0.602s] -- Found rosidl_adapter: 3.1.5 (/opt/ros/humble/share/rosidl_adapter/cmake)
[0.612s] -- Found rosidl_generator_cpp: 3.1.5 (/opt/ros/humble/share/rosidl_generator_cpp/cmake)
[0.626s] -- Using all available rosidl_typesupport_c: rosidl_typesupport_fastrtps_c;rosidl_typesupport_introspection_c
[0.647s] -- Using all available rosidl_typesupport_cpp: rosidl_typesupport_fastrtps_cpp;rosidl_typesupport_introspection_cpp
[0.719s] -- Found rmw_implementation_cmake: 6.1.1 (/opt/ros/humble/share/rmw_implementation_cmake/cmake)
[0.722s] -- Found rmw_fastrtps_cpp: 6.2.6 (/opt/ros/humble/share/rmw_fastrtps_cpp/cmake)
[0.837s] -- Found OpenSSL: /usr/lib/x86_64-linux-gnu/libcrypto.so (found version "3.0.2")  
[0.868s] -- Found FastRTPS: /opt/ros/humble/include  
[0.921s] -- Using RMW implementation 'rmw_fastrtps_cpp' as default
[0.933s] -- Looking for pthread.h
[1.000s] -- Looking for pthread.h - found
[1.000s] -- Performing Test CMAKE_HAVE_LIBC_PTHREAD
[1.068s] -- Performing Test CMAKE_HAVE_LIBC_PTHREAD - Success
[1.069s] -- Found Threads: TRUE  
[1.217s] -- Found rclpy: 3.3.12 (/opt/ros/humble/share/rclpy/cmake)
[1.220s] -- Found std_srvs: 4.2.3 (/opt/ros/humble/share/std_srvs/cmake)
[1.290s] -- Configuring done
[1.294s] -- Generating done
[1.295s] -- Build files have been written to: /home/drevo2/rins/ris_1/build/dis_tutorial3
[1.302s] Invoked command in '/home/drevo2/rins/ris_1/build/dis_tutorial3' returned '0': CMAKE_PREFIX_PATH=${CMAKE_PREFIX_PATH}:/home/drevo2/rins/dis_tutorial2-main/install/dis_tutorial2:/home/drevo2/rins/homework2/install/homework_2:/home/drevo2/rins/ena1/install/ena:/home/drevo2/rins/ros2_ws/install/my_robot:/opt/ros/humble /usr/bin/cmake /home/drevo2/rins/ris_1 -DCMAKE_INSTALL_PREFIX=/home/drevo2/rins/ris_1/install/dis_tutorial3
[1.304s] Invoking command in '/home/drevo2/rins/ris_1/build/dis_tutorial3': CMAKE_PREFIX_PATH=${CMAKE_PREFIX_PATH}:/home/drevo2/rins/dis_tutorial2-main/install/dis_tutorial2:/home/drevo2/rins/homework2/install/homework_2:/home/drevo2/rins/ena1/install/ena:/home/drevo2/rins/ros2_ws/install/my_robot:/opt/ros/humble /usr/bin/cmake --build /home/drevo2/rins/ris_1/build/dis_tutorial3 -- -j12 -l12
[1.347s] Invoked command in '/home/drevo2/rins/ris_1/build/dis_tutorial3' returned '0': CMAKE_PREFIX_PATH=${CMAKE_PREFIX_PATH}:/home/drevo2/rins/dis_tutorial2-main/install/dis_tutorial2:/home/drevo2/rins/homework2/install/homework_2:/home/drevo2/rins/ena1/install/ena:/home/drevo2/rins/ros2_ws/install/my_robot:/opt/ros/humble /usr/bin/cmake --build /home/drevo2/rins/ris_1/build/dis_tutorial3 -- -j12 -l12
[1.377s] Invoking command in '/home/drevo2/rins/ris_1/build/dis_tutorial3': CMAKE_PREFIX_PATH=${CMAKE_PREFIX_PATH}:/home/drevo2/rins/dis_tutorial2-main/install/dis_tutorial2:/home/drevo2/rins/homework2/install/homework_2:/home/drevo2/rins/ena1/install/ena:/home/drevo2/rins/ros2_ws/install/my_robot:/opt/ros/humble /usr/bin/cmake --install /home/drevo2/rins/ris_1/build/dis_tutorial3
[1.385s] -- Install configuration: ""
[1.385s] -- Up-to-date: /home/drevo2/rins/ris_1/install/dis_tutorial3/share/dis_tutorial3//launch
[1.385s] -- Up-to-date: /home/drevo2/rins/ris_1/install/dis_tutorial3/share/dis_tutorial3//launch/turtlebot4_spawn_nav.launch.py
[1.386s] -- Up-to-date: /home/drevo2/rins/ris_1/install/dis_tutorial3/share/dis_tutorial3//launch/nav2.launch.py
[1.386s] -- Up-to-date: /home/drevo2/rins/ris_1/install/dis_tutorial3/share/dis_tutorial3//launch/slam.launch.py
[1.386s] -- Up-to-date: /home/drevo2/rins/ris_1/install/dis_tutorial3/share/dis_tutorial3//launch/ignition.launch.py
[1.386s] -- Up-to-date: /home/drevo2/rins/ris_1/install/dis_tutorial3/share/dis_tutorial3//launch/sim_turtlebot_slam.launch.py
[1.386s] -- Up-to-date: /home/drevo2/rins/ris_1/install/dis_tutorial3/share/dis_tutorial3//launch/sim_turtlebot_nav.launch.py
[1.386s] -- Up-to-date: /home/drevo2/rins/ris_1/install/dis_tutorial3/share/dis_tutorial3//launch/turtlebot4_spawn.launch.py
[1.386s] -- Up-to-date: /home/drevo2/rins/ris_1/install/dis_tutorial3/share/dis_tutorial3//launch/dis_sim.launch.py
[1.386s] -- Up-to-date: /home/drevo2/rins/ris_1/install/dis_tutorial3/share/dis_tutorial3//launch/localization.launch.py
[1.386s] -- Up-to-date: /home/drevo2/rins/ris_1/install/dis_tutorial3/share/dis_tutorial3//config
[1.387s] -- Up-to-date: /home/drevo2/rins/ris_1/install/dis_tutorial3/share/dis_tutorial3//config/slam.yaml
[1.387s] -- Up-to-date: /home/drevo2/rins/ris_1/install/dis_tutorial3/share/dis_tutorial3//config/localization.yaml
[1.387s] -- Up-to-date: /home/drevo2/rins/ris_1/install/dis_tutorial3/share/dis_tutorial3//config/nav2.yaml
[1.387s] -- Up-to-date: /home/drevo2/rins/ris_1/install/dis_tutorial3/share/dis_tutorial3//config/laser_filter_chain.yaml
[1.387s] -- Up-to-date: /home/drevo2/rins/ris_1/install/dis_tutorial3/share/dis_tutorial3//worlds
[1.387s] -- Up-to-date: /home/drevo2/rins/ris_1/install/dis_tutorial3/share/dis_tutorial3//worlds/meshes
[1.387s] -- Up-to-date: /home/drevo2/rins/ris_1/install/dis_tutorial3/share/dis_tutorial3//worlds/meshes/person4.jpg
[1.387s] -- Up-to-date: /home/drevo2/rins/ris_1/install/dis_tutorial3/share/dis_tutorial3//worlds/meshes/objects.jpg
[1.387s] -- Up-to-date: /home/drevo2/rins/ris_1/install/dis_tutorial3/share/dis_tutorial3//worlds/meshes/person2.jpg
[1.387s] -- Up-to-date: /home/drevo2/rins/ris_1/install/dis_tutorial3/share/dis_tutorial3//worlds/meshes/person1.jpg
[1.387s] -- Up-to-date: /home/drevo2/rins/ris_1/install/dis_tutorial3/share/dis_tutorial3//worlds/meshes/wood.jpg
[1.387s] -- Up-to-date: /home/drevo2/rins/ris_1/install/dis_tutorial3/share/dis_tutorial3//worlds/meshes/davinci.jpg
[1.388s] -- Up-to-date: /home/drevo2/rins/ris_1/install/dis_tutorial3/share/dis_tutorial3//worlds/meshes/map.dae
[1.388s] -- Up-to-date: /home/drevo2/rins/ris_1/install/dis_tutorial3/share/dis_tutorial3//worlds/meshes/fakering1.jpg
[1.388s] -- Up-to-date: /home/drevo2/rins/ris_1/install/dis_tutorial3/share/dis_tutorial3//worlds/meshes/mona1.jpg
[1.388s] -- Up-to-date: /home/drevo2/rins/ris_1/install/dis_tutorial3/share/dis_tutorial3//worlds/meshes/parking_space.jpg
[1.388s] -- Up-to-date: /home/drevo2/rins/ris_1/install/dis_tutorial3/share/dis_tutorial3//worlds/meshes/qr1.jpg
[1.388s] -- Up-to-date: /home/drevo2/rins/ris_1/install/dis_tutorial3/share/dis_tutorial3//worlds/meshes/qr2.jpg
[1.388s] -- Up-to-date: /home/drevo2/rins/ris_1/install/dis_tutorial3/share/dis_tutorial3//worlds/meshes/fakering2.jpg
[1.388s] -- Up-to-date: /home/drevo2/rins/ris_1/install/dis_tutorial3/share/dis_tutorial3//worlds/meshes/fakering3.jpg
[1.388s] -- Up-to-date: /home/drevo2/rins/ris_1/install/dis_tutorial3/share/dis_tutorial3//worlds/meshes/person5.jpg
[1.388s] -- Up-to-date: /home/drevo2/rins/ris_1/install/dis_tutorial3/share/dis_tutorial3//worlds/meshes/ground.jpg
[1.388s] -- Up-to-date: /home/drevo2/rins/ris_1/install/dis_tutorial3/share/dis_tutorial3//worlds/meshes/map_colliders.dae
[1.388s] -- Up-to-date: /home/drevo2/rins/ris_1/install/dis_tutorial3/share/dis_tutorial3//worlds/meshes/person3.jpg
[1.388s] -- Up-to-date: /home/drevo2/rins/ris_1/install/dis_tutorial3/share/dis_tutorial3//worlds/meshes/cylinders.jpg
[1.388s] -- Up-to-date: /home/drevo2/rins/ris_1/install/dis_tutorial3/share/dis_tutorial3//worlds/dis.sdf
[1.388s] -- Up-to-date: /home/drevo2/rins/ris_1/install/dis_tutorial3/share/dis_tutorial3//maps
[1.389s] -- Up-to-date: /home/drevo2/rins/ris_1/install/dis_tutorial3/share/dis_tutorial3//maps/map.yaml
[1.389s] -- Up-to-date: /home/drevo2/rins/ris_1/install/dis_tutorial3/share/dis_tutorial3//maps/map.pgm
[1.389s] -- Up-to-date: /home/drevo2/rins/ris_1/install/dis_tutorial3/lib/dis_tutorial3/detect_people.py
[1.389s] -- Up-to-date: /home/drevo2/rins/ris_1/install/dis_tutorial3/lib/dis_tutorial3/robot_commander.py
[1.389s] -- Up-to-date: /home/drevo2/rins/ris_1/install/dis_tutorial3/share/ament_index/resource_index/package_run_dependencies/dis_tutorial3
[1.390s] -- Up-to-date: /home/drevo2/rins/ris_1/install/dis_tutorial3/share/ament_index/resource_index/parent_prefix_path/dis_tutorial3
[1.390s] -- Up-to-date: /home/drevo2/rins/ris_1/install/dis_tutorial3/share/dis_tutorial3/environment/ament_prefix_path.sh
[1.390s] -- Installing: /home/drevo2/rins/ris_1/install/dis_tutorial3/share/dis_tutorial3/environment/ament_prefix_path.dsv
[1.390s] -- Up-to-date: /home/drevo2/rins/ris_1/install/dis_tutorial3/share/dis_tutorial3/environment/path.sh
[1.390s] -- Installing: /home/drevo2/rins/ris_1/install/dis_tutorial3/share/dis_tutorial3/environment/path.dsv
[1.390s] -- Up-to-date: /home/drevo2/rins/ris_1/install/dis_tutorial3/share/dis_tutorial3/local_setup.bash
[1.391s] -- Up-to-date: /home/drevo2/rins/ris_1/install/dis_tutorial3/share/dis_tutorial3/local_setup.sh
[1.391s] -- Up-to-date: /home/drevo2/rins/ris_1/install/dis_tutorial3/share/dis_tutorial3/local_setup.zsh
[1.391s] -- Installing: /home/drevo2/rins/ris_1/install/dis_tutorial3/share/dis_tutorial3/local_setup.dsv
[1.391s] -- Installing: /home/drevo2/rins/ris_1/install/dis_tutorial3/share/dis_tutorial3/package.dsv
[1.391s] -- Up-to-date: /home/drevo2/rins/ris_1/install/dis_tutorial3/share/ament_index/resource_index/packages/dis_tutorial3
[1.391s] -- Up-to-date: /home/drevo2/rins/ris_1/install/dis_tutorial3/share/dis_tutorial3/cmake/dis_tutorial3Config.cmake
[1.391s] -- Up-to-date: /home/drevo2/rins/ris_1/install/dis_tutorial3/share/dis_tutorial3/cmake/dis_tutorial3Config-version.cmake
[1.392s] -- Up-to-date: /home/drevo2/rins/ris_1/install/dis_tutorial3/share/dis_tutorial3/package.xml
[1.392s] Invoked command in '/home/drevo2/rins/ris_1/build/dis_tutorial3' returned '0': CMAKE_PREFIX_PATH=${CMAKE_PREFIX_PATH}:/home/drevo2/rins/dis_tutorial2-main/install/dis_tutorial2:/home/drevo2/rins/homework2/install/homework_2:/home/drevo2/rins/ena1/install/ena:/home/drevo2/rins/ros2_ws/install/my_robot:/opt/ros/humble /usr/bin/cmake --install /home/drevo2/rins/ris_1/build/dis_tutorial3
