[0mCMake Error: The current CMakeCache.txt directory /home/drevo2/rins/ris_1/build/dis_tutorial3/CMakeCache.txt is different than the directory /home/drevo2/rins/dis_tutorial3-main/build/dis_tutorial3 where CMakeCache.txt was created. This may result in binaries being created in the wrong place. If you are not sure, reedit the CMakeCache.txt[0m
-- Install configuration: ""
-- Up-to-date: /home/drevo2/rins/dis_tutorial3-main/install/dis_tutorial3/share/dis_tutorial3//launch
-- Up-to-date: /home/drevo2/rins/dis_tutorial3-main/install/dis_tutorial3/share/dis_tutorial3//launch/turtlebot4_spawn_nav.launch.py
-- Up-to-date: /home/drevo2/rins/dis_tutorial3-main/install/dis_tutorial3/share/dis_tutorial3//launch/nav2.launch.py
-- Up-to-date: /home/drevo2/rins/dis_tutorial3-main/install/dis_tutorial3/share/dis_tutorial3//launch/slam.launch.py
-- Up-to-date: /home/drevo2/rins/dis_tutorial3-main/install/dis_tutorial3/share/dis_tutorial3//launch/ignition.launch.py
-- Up-to-date: /home/drevo2/rins/dis_tutorial3-main/install/dis_tutorial3/share/dis_tutorial3//launch/sim_turtlebot_slam.launch.py
-- Up-to-date: /home/drevo2/rins/dis_tutorial3-main/install/dis_tutorial3/share/dis_tutorial3//launch/sim_turtlebot_nav.launch.py
-- Up-to-date: /home/drevo2/rins/dis_tutorial3-main/install/dis_tutorial3/share/dis_tutorial3//launch/turtlebot4_spawn.launch.py
-- Up-to-date: /home/drevo2/rins/dis_tutorial3-main/install/dis_tutorial3/share/dis_tutorial3//launch/dis_sim.launch.py
-- Up-to-date: /home/drevo2/rins/dis_tutorial3-main/install/dis_tutorial3/share/dis_tutorial3//launch/localization.launch.py
-- Up-to-date: /home/drevo2/rins/dis_tutorial3-main/install/dis_tutorial3/share/dis_tutorial3//config
-- Up-to-date: /home/drevo2/rins/dis_tutorial3-main/install/dis_tutorial3/share/dis_tutorial3//config/slam.yaml
-- Up-to-date: /home/drevo2/rins/dis_tutorial3-main/install/dis_tutorial3/share/dis_tutorial3//config/localization.yaml
-- Up-to-date: /home/drevo2/rins/dis_tutorial3-main/install/dis_tutorial3/share/dis_tutorial3//config/nav2.yaml
-- Up-to-date: /home/drevo2/rins/dis_tutorial3-main/install/dis_tutorial3/share/dis_tutorial3//config/laser_filter_chain.yaml
-- Up-to-date: /home/drevo2/rins/dis_tutorial3-main/install/dis_tutorial3/share/dis_tutorial3//worlds
-- Up-to-date: /home/drevo2/rins/dis_tutorial3-main/install/dis_tutorial3/share/dis_tutorial3//worlds/meshes
-- Up-to-date: /home/drevo2/rins/dis_tutorial3-main/install/dis_tutorial3/share/dis_tutorial3//worlds/meshes/person4.jpg
-- Up-to-date: /home/drevo2/rins/dis_tutorial3-main/install/dis_tutorial3/share/dis_tutorial3//worlds/meshes/objects.jpg
-- Up-to-date: /home/drevo2/rins/dis_tutorial3-main/install/dis_tutorial3/share/dis_tutorial3//worlds/meshes/person2.jpg
-- Up-to-date: /home/drevo2/rins/dis_tutorial3-main/install/dis_tutorial3/share/dis_tutorial3//worlds/meshes/person1.jpg
-- Up-to-date: /home/drevo2/rins/dis_tutorial3-main/install/dis_tutorial3/share/dis_tutorial3//worlds/meshes/wood.jpg
-- Up-to-date: /home/drevo2/rins/dis_tutorial3-main/install/dis_tutorial3/share/dis_tutorial3//worlds/meshes/davinci.jpg
-- Up-to-date: /home/drevo2/rins/dis_tutorial3-main/install/dis_tutorial3/share/dis_tutorial3//worlds/meshes/map.dae
-- Up-to-date: /home/drevo2/rins/dis_tutorial3-main/install/dis_tutorial3/share/dis_tutorial3//worlds/meshes/fakering1.jpg
-- Up-to-date: /home/drevo2/rins/dis_tutorial3-main/install/dis_tutorial3/share/dis_tutorial3//worlds/meshes/mona1.jpg
-- Up-to-date: /home/drevo2/rins/dis_tutorial3-main/install/dis_tutorial3/share/dis_tutorial3//worlds/meshes/parking_space.jpg
-- Up-to-date: /home/drevo2/rins/dis_tutorial3-main/install/dis_tutorial3/share/dis_tutorial3//worlds/meshes/qr1.jpg
-- Up-to-date: /home/drevo2/rins/dis_tutorial3-main/install/dis_tutorial3/share/dis_tutorial3//worlds/meshes/qr2.jpg
-- Up-to-date: /home/drevo2/rins/dis_tutorial3-main/install/dis_tutorial3/share/dis_tutorial3//worlds/meshes/fakering2.jpg
-- Up-to-date: /home/drevo2/rins/dis_tutorial3-main/install/dis_tutorial3/share/dis_tutorial3//worlds/meshes/fakering3.jpg
-- Up-to-date: /home/drevo2/rins/dis_tutorial3-main/install/dis_tutorial3/share/dis_tutorial3//worlds/meshes/person5.jpg
-- Up-to-date: /home/drevo2/rins/dis_tutorial3-main/install/dis_tutorial3/share/dis_tutorial3//worlds/meshes/ground.jpg
-- Up-to-date: /home/drevo2/rins/dis_tutorial3-main/install/dis_tutorial3/share/dis_tutorial3//worlds/meshes/map_colliders.dae
-- Up-to-date: /home/drevo2/rins/dis_tutorial3-main/install/dis_tutorial3/share/dis_tutorial3//worlds/meshes/person3.jpg
-- Up-to-date: /home/drevo2/rins/dis_tutorial3-main/install/dis_tutorial3/share/dis_tutorial3//worlds/meshes/cylinders.jpg
-- Up-to-date: /home/drevo2/rins/dis_tutorial3-main/install/dis_tutorial3/share/dis_tutorial3//worlds/dis.sdf
-- Up-to-date: /home/drevo2/rins/dis_tutorial3-main/install/dis_tutorial3/share/dis_tutorial3//maps
-- Up-to-date: /home/drevo2/rins/dis_tutorial3-main/install/dis_tutorial3/share/dis_tutorial3//maps/map.yaml
-- Up-to-date: /home/drevo2/rins/dis_tutorial3-main/install/dis_tutorial3/share/dis_tutorial3//maps/map.pgm
-- Up-to-date: /home/drevo2/rins/dis_tutorial3-main/install/dis_tutorial3/lib/dis_tutorial3/detect_people.py
-- Installing: /home/drevo2/rins/dis_tutorial3-main/install/dis_tutorial3/lib/dis_tutorial3/robot_commander.py
-- Up-to-date: /home/drevo2/rins/dis_tutorial3-main/install/dis_tutorial3/share/ament_index/resource_index/package_run_dependencies/dis_tutorial3
-- Up-to-date: /home/drevo2/rins/dis_tutorial3-main/install/dis_tutorial3/share/ament_index/resource_index/parent_prefix_path/dis_tutorial3
-- Up-to-date: /home/drevo2/rins/dis_tutorial3-main/install/dis_tutorial3/share/dis_tutorial3/environment/ament_prefix_path.sh
-- Up-to-date: /home/drevo2/rins/dis_tutorial3-main/install/dis_tutorial3/share/dis_tutorial3/environment/ament_prefix_path.dsv
-- Up-to-date: /home/drevo2/rins/dis_tutorial3-main/install/dis_tutorial3/share/dis_tutorial3/environment/path.sh
-- Up-to-date: /home/drevo2/rins/dis_tutorial3-main/install/dis_tutorial3/share/dis_tutorial3/environment/path.dsv
-- Up-to-date: /home/drevo2/rins/dis_tutorial3-main/install/dis_tutorial3/share/dis_tutorial3/local_setup.bash
-- Up-to-date: /home/drevo2/rins/dis_tutorial3-main/install/dis_tutorial3/share/dis_tutorial3/local_setup.sh
-- Up-to-date: /home/drevo2/rins/dis_tutorial3-main/install/dis_tutorial3/share/dis_tutorial3/local_setup.zsh
-- Up-to-date: /home/drevo2/rins/dis_tutorial3-main/install/dis_tutorial3/share/dis_tutorial3/local_setup.dsv
-- Installing: /home/drevo2/rins/dis_tutorial3-main/install/dis_tutorial3/share/dis_tutorial3/package.dsv
-- Up-to-date: /home/drevo2/rins/dis_tutorial3-main/install/dis_tutorial3/share/ament_index/resource_index/packages/dis_tutorial3
-- Up-to-date: /home/drevo2/rins/dis_tutorial3-main/install/dis_tutorial3/share/dis_tutorial3/cmake/dis_tutorial3Config.cmake
-- Up-to-date: /home/drevo2/rins/dis_tutorial3-main/install/dis_tutorial3/share/dis_tutorial3/cmake/dis_tutorial3Config-version.cmake
-- Up-to-date: /home/drevo2/rins/dis_tutorial3-main/install/dis_tutorial3/share/dis_tutorial3/package.xml
